Using pre-set license
Built from '2021.2/release' branch; Version is '2021.2.0f1 (4bf1ec4b23c9) revision 4977132'; Using compiler version '192829333'; Build Type 'Release'
OS: 'Windows 10 Pro; OS build 19043.1288; Version 2009; 64bit' Language: 'tr' Physical Memory: 16332 MB
BatchMode: 1, IsHumanControllingUs: 0, StartBugReporterOnCrash: 0, Is64bit: 1, IsPro: 0

COMMAND LINE ARGUMENTS:
D:\unity_2\2021.2.0f1\Editor\Unity.exe
-adb2
-batchMode
-noUpm
-name
AssetImportWorker2
-projectPath
C:/Users/BERKAY/Desktop/2dgame1
-logFile
Logs/AssetImportWorker2.log
-srvPort
64630
Successfully changed project path to: C:/Users/BERKAY/Desktop/2dgame1
C:/Users/BERKAY/Desktop/2dgame1
[UnityMemory] Configuration Parameters - Can be set up in boot.config
    "memorysetup-bucket-allocator-granularity=16"
    "memorysetup-bucket-allocator-bucket-count=8"
    "memorysetup-bucket-allocator-block-size=33554432"
    "memorysetup-bucket-allocator-block-count=8"
    "memorysetup-main-allocator-block-size=16777216"
    "memorysetup-thread-allocator-block-size=16777216"
    "memorysetup-gfx-main-allocator-block-size=16777216"
    "memorysetup-gfx-thread-allocator-block-size=16777216"
    "memorysetup-cache-allocator-block-size=4194304"
    "memorysetup-typetree-allocator-block-size=2097152"
    "memorysetup-profiler-bucket-allocator-granularity=16"
    "memorysetup-profiler-bucket-allocator-bucket-count=8"
    "memorysetup-profiler-bucket-allocator-block-size=33554432"
    "memorysetup-profiler-bucket-allocator-block-count=8"
    "memorysetup-profiler-allocator-block-size=16777216"
    "memorysetup-profiler-editor-allocator-block-size=1048576"
    "memorysetup-temp-allocator-size-main=16777216"
    "memorysetup-job-temp-allocator-block-size=2097152"
    "memorysetup-job-temp-allocator-block-size-background=1048576"
    "memorysetup-job-temp-allocator-reduction-small-platforms=262144"
    "memorysetup-temp-allocator-size-background-worker=32768"
    "memorysetup-temp-allocator-size-job-worker=262144"
    "memorysetup-temp-allocator-size-preload-manager=33554432"
    "memorysetup-temp-allocator-size-nav-mesh-worker=65536"
    "memorysetup-temp-allocator-size-audio-worker=65536"
    "memorysetup-temp-allocator-size-cloud-worker=32768"
    "memorysetup-temp-allocator-size-gi-baking-worker=262144"
    "memorysetup-temp-allocator-size-gfx=262144"
Refreshing native plugins compatible for Editor in 57.36 ms, found 3 plugins.
Preloading 0 native plugins for Editor in 0.00 ms.
Initialize engine version: 2021.2.0f1 (4bf1ec4b23c9)
[Subsystems] Discovering subsystems at path D:/unity_2/2021.2.0f1/Editor/Data/Resources/UnitySubsystems
[Subsystems] Discovering subsystems at path C:/Users/BERKAY/Desktop/2dgame1/Assets
GfxDevice: creating device client; threaded=0; jobified=0
Direct3D:
    Version:  Direct3D 11.0 [level 11.1]
    Renderer: NVIDIA GeForce RTX 2070 SUPER (ID=0x1e84)
    Vendor:   NVIDIA
    VRAM:     8011 MB
    Driver:   27.21.14.6589
Initialize mono
Mono path[0] = 'D:/unity_2/2021.2.0f1/Editor/Data/Managed'
Mono path[1] = 'D:/unity_2/2021.2.0f1/Editor/Data/MonoBleedingEdge/lib/mono/unityjit-win32'
Mono config path = 'D:/unity_2/2021.2.0f1/Editor/Data/MonoBleedingEdge/etc'
Using monoOptions --debugger-agent=transport=dt_socket,embedding=1,server=y,suspend=n,address=127.0.0.1:56876
Begin MonoManager ReloadAssembly
Registering precompiled unity dll's ...
Register platform support module: D:/unity_2/2021.2.0f1/Editor/Data/PlaybackEngines/WindowsStandaloneSupport/UnityEditor.WindowsStandalone.Extensions.dll
Registered in 0.002629 seconds.
Native extension for WindowsStandalone target not found
Refreshing native plugins compatible for Editor in 41.48 ms, found 3 plugins.
Preloading 0 native plugins for Editor in 0.00 ms.
Mono: successfully reloaded assembly
- Completed reload, in  1.037 seconds
Domain Reload Profiling:
	ReloadAssembly (1037ms)
		BeginReloadAssembly (79ms)
			ExecutionOrderSort (0ms)
			DisableScriptedObjects (0ms)
			BackupInstance (0ms)
			ReleaseScriptingObjects (0ms)
			CreateAndSetChildDomain (1ms)
		EndReloadAssembly (357ms)
			LoadAssemblies (78ms)
			RebuildTransferFunctionScriptingTraits (0ms)
			SetupTypeCache (89ms)
			ReleaseScriptCaches (0ms)
			RebuildScriptCaches (25ms)
			SetupLoadedEditorAssemblies (201ms)
				LogAssemblyErrors (0ms)
				InitializePlatformSupportModulesInManaged (6ms)
				SetLoadedEditorAssemblies (0ms)
				RefreshPlugins (42ms)
				BeforeProcessingInitializeOnLoad (1ms)
				ProcessInitializeOnLoadAttributes (112ms)
				ProcessInitializeOnLoadMethodAttributes (40ms)
				AfterProcessingInitializeOnLoad (0ms)
				EditorAssembliesLoaded (0ms)
			ExecutionOrderSort2 (0ms)
			AwakeInstancesAfterBackupRestoration (0ms)
Platform modules already initialized, skipping
Registering precompiled user dll's ...
Registered in 0.006099 seconds.
Begin MonoManager ReloadAssembly
Native extension for WindowsStandalone target not found
Refreshing native plugins compatible for Editor in 44.90 ms, found 3 plugins.
Preloading 0 native plugins for Editor in 0.00 ms.
Mono: successfully reloaded assembly
- Completed reload, in  1.183 seconds
Domain Reload Profiling:
	ReloadAssembly (1183ms)
		BeginReloadAssembly (172ms)
			ExecutionOrderSort (0ms)
			DisableScriptedObjects (5ms)
			BackupInstance (0ms)
			ReleaseScriptingObjects (0ms)
			CreateAndSetChildDomain (22ms)
		EndReloadAssembly (927ms)
			LoadAssemblies (86ms)
			RebuildTransferFunctionScriptingTraits (0ms)
			SetupTypeCache (175ms)
			ReleaseScriptCaches (1ms)
			RebuildScriptCaches (44ms)
			SetupLoadedEditorAssemblies (545ms)
				LogAssemblyErrors (0ms)
				InitializePlatformSupportModulesInManaged (10ms)
				SetLoadedEditorAssemblies (0ms)
				RefreshPlugins (45ms)
				BeforeProcessingInitializeOnLoad (64ms)
				ProcessInitializeOnLoadAttributes (395ms)
				ProcessInitializeOnLoadMethodAttributes (29ms)
				AfterProcessingInitializeOnLoad (3ms)
				EditorAssembliesLoaded (0ms)
			ExecutionOrderSort2 (0ms)
			AwakeInstancesAfterBackupRestoration (5ms)
Platform modules already initialized, skipping
========================================================================
Worker process is ready to serve import requests
Launched and connected shader compiler UnityShaderCompiler.exe after 0.14 seconds
Refreshing native plugins compatible for Editor in 0.81 ms, found 3 plugins.
Preloading 0 native plugins for Editor in 0.00 ms.
Unloading 2426 Unused Serialized files (Serialized files now loaded: 0)
Unloading 46 unused Assets / (30.2 KB). Loaded Objects now: 2895.
Memory consumption went from 123.5 MB to 123.5 MB.
Total: 3.653100 ms (FindLiveObjects: 0.294700 ms CreateObjectMapping: 0.068900 ms MarkObjects: 3.259500 ms  DeleteObjects: 0.028800 ms)

AssetImportParameters requested are different than current active one (requested -> active):
  custom:video-decoder-ogg-theora: a1e56fd34408186e4bbccfd4996cb3dc -> 
  custom:container-muxer-webm: aa71ff27fc2769a1b78a27578f13a17b -> 
  custom:container-demuxer-webm: 4f35f7cbe854078d1ac9338744f61a02 -> 
  custom:video-encoder-webm-vp8: eb34c28f22e8b96e1ab97ce403110664 -> 
  custom:audio-encoder-webm-vorbis: bf7c407c2cedff20999df2af8eb42d56 -> 
  custom:framework-win-MediaFoundation: 216162199b28c13a410421893ffa2e32 -> 
  custom:container-demuxer-ogg: 62fdf1f143b41e24485cea50d1cbac27 -> 
  custom:video-decoder-webm-vp8: 9c59270c3fd7afecdb556c50c9e8de78 -> 
  custom:audio-decoder-ogg-vorbis: bf7c407c2cedff20999df2af8eb42d56 -> 
========================================================================
Received Import Request.
  Time since last request: 256030.967691 seconds.
  path: Assets/scripts/CameraFollow.cs
  artifactKey: Guid(7c2a0e0bbc5b16c499fbd85a1f5fdbb8) Importer(815301076,1909f56bfc062723c751e8b465ee728b)
Start importing Assets/scripts/CameraFollow.cs using Guid(7c2a0e0bbc5b16c499fbd85a1f5fdbb8) Importer(815301076,1909f56bfc062723c751e8b465ee728b)  -> (artifact id: 'bbca0916cf2c25c036cb453918bb05a0') in 0.036178 seconds 
========================================================================
Received Import Request.
  Time since last request: 156.384171 seconds.
  path: Assets/Free 2D Adventure Beach Pack
  artifactKey: Guid(18c25b3b1f413374fa55e2cfbab9117d) Importer(815301076,1909f56bfc062723c751e8b465ee728b)
Start importing Assets/Free 2D Adventure Beach Pack using Guid(18c25b3b1f413374fa55e2cfbab9117d) Importer(815301076,1909f56bfc062723c751e8b465ee728b)  -> (artifact id: '7e990b2c5b014e7384c937be54bf84d9') in 0.008434 seconds 
========================================================================
Received Import Request.
  Time since last request: 16.320988 seconds.
  path: Assets/Samples
  artifactKey: Guid(8931acd96ee3c434d8f4a6e2d38646c2) Importer(815301076,1909f56bfc062723c751e8b465ee728b)
Start importing Assets/Samples using Guid(8931acd96ee3c434d8f4a6e2d38646c2) Importer(815301076,1909f56bfc062723c751e8b465ee728b)  -> (artifact id: '1b07d9cd7328b727ef8c0a6230f3cea1') in 0.007479 seconds 
========================================================================
Received Import Request.
  Time since last request: 0.848699 seconds.
  path: Assets/Samples/2D Pixel Perfect
  artifactKey: Guid(d942e4d06d260cc42bd71f9ba0475c0b) Importer(815301076,1909f56bfc062723c751e8b465ee728b)
Start importing Assets/Samples/2D Pixel Perfect using Guid(d942e4d06d260cc42bd71f9ba0475c0b) Importer(815301076,1909f56bfc062723c751e8b465ee728b)  -> (artifact id: 'a590bb6dcb7f366b336f0e20e9888220') in 0.006356 seconds 
========================================================================
Received Import Request.
  Time since last request: 0.481933 seconds.
  path: Assets/Samples/2D Pixel Perfect/4.0.1
  artifactKey: Guid(4233ca599e37ca74e94945f039f5e197) Importer(815301076,1909f56bfc062723c751e8b465ee728b)
Start importing Assets/Samples/2D Pixel Perfect/4.0.1 using Guid(4233ca599e37ca74e94945f039f5e197) Importer(815301076,1909f56bfc062723c751e8b465ee728b)  -> (artifact id: '3431b4447bdc60ffce9ec276cfb9641b') in 0.007810 seconds 
========================================================================
Received Import Request.
  Time since last request: 0.473685 seconds.
  path: Assets/Samples/2D Pixel Perfect/4.0.1/Sample Scenes and Extras
  artifactKey: Guid(0add1e504e1b6294780e0c0b20fafa61) Importer(815301076,1909f56bfc062723c751e8b465ee728b)
Start importing Assets/Samples/2D Pixel Perfect/4.0.1/Sample Scenes and Extras using Guid(0add1e504e1b6294780e0c0b20fafa61) Importer(815301076,1909f56bfc062723c751e8b465ee728b)  -> (artifact id: 'ddf9608e78b808cdf8ec3c851e65b79e') in 0.008925 seconds 
========================================================================
Received Import Request.
  Time since last request: 0.072074 seconds.
  path: Assets/Samples/2D Pixel Perfect/4.0.1/Sample Scenes and Extras/Unity.2D.PixelPerfect.Samples.asmdef
  artifactKey: Guid(5c401abef5fdf4442be445501720cde0) Importer(815301076,1909f56bfc062723c751e8b465ee728b)
Start importing Assets/Samples/2D Pixel Perfect/4.0.1/Sample Scenes and Extras/Unity.2D.PixelPerfect.Samples.asmdef using Guid(5c401abef5fdf4442be445501720cde0) Importer(815301076,1909f56bfc062723c751e8b465ee728b)  -> (artifact id: '2d34497d2a9dce1e273b069702001f0a') in 0.007792 seconds 
========================================================================
Received Import Request.
  Time since last request: 3.790106 seconds.
  path: Assets/Samples/2D Pixel Perfect/4.0.1/Sample Scenes and Extras/Scenes
  artifactKey: Guid(fbf6a109fe5bd4794b76e23184357943) Importer(815301076,1909f56bfc062723c751e8b465ee728b)
Start importing Assets/Samples/2D Pixel Perfect/4.0.1/Sample Scenes and Extras/Scenes using Guid(fbf6a109fe5bd4794b76e23184357943) Importer(815301076,1909f56bfc062723c751e8b465ee728b)  -> (artifact id: '09cdd4a7c2924de78c6be23009088e3f') in 0.007487 seconds 
========================================================================
Received Import Request.
  Time since last request: 3.405160 seconds.
  path: Assets/Samples/2D Pixel Perfect/4.0.1/Sample Scenes and Extras/Scenes/Sprites
  artifactKey: Guid(afa63396ccfba4c9ca0c6d22cd36ef7e) Importer(815301076,1909f56bfc062723c751e8b465ee728b)
Start importing Assets/Samples/2D Pixel Perfect/4.0.1/Sample Scenes and Extras/Scenes/Sprites using Guid(afa63396ccfba4c9ca0c6d22cd36ef7e) Importer(815301076,1909f56bfc062723c751e8b465ee728b)  -> (artifact id: '9b53fe7b5b3f730467a139825af88e68') in 0.003114 seconds 
========================================================================
Received Import Request.
  Time since last request: 0.037007 seconds.
  path: Assets/Samples/2D Pixel Perfect/4.0.1/Sample Scenes and Extras/Scenes/Sprites/Enemy.png
  artifactKey: Guid(ab7826c35d95f48c78e5464b3c85772a) Importer(815301076,1909f56bfc062723c751e8b465ee728b)
Start importing Assets/Samples/2D Pixel Perfect/4.0.1/Sample Scenes and Extras/Scenes/Sprites/Enemy.png using Guid(ab7826c35d95f48c78e5464b3c85772a) Importer(815301076,1909f56bfc062723c751e8b465ee728b)  -> (artifact id: '84c5636e76dec5ec794ed0913c719682') in 0.087102 seconds 
========================================================================
Received Import Request.
  Time since last request: 3.541005 seconds.
  path: Assets/Samples/2D Pixel Perfect/4.0.1/Sample Scenes and Extras/Scenes/Scripts
  artifactKey: Guid(87386e4c738ed4d9393424b69a893be0) Importer(815301076,1909f56bfc062723c751e8b465ee728b)
Start importing Assets/Samples/2D Pixel Perfect/4.0.1/Sample Scenes and Extras/Scenes/Scripts using Guid(87386e4c738ed4d9393424b69a893be0) Importer(815301076,1909f56bfc062723c751e8b465ee728b)  -> (artifact id: '418e2ecaf1b75d1493d171695a2be4e6') in 0.006945 seconds 
========================================================================
Received Import Request.
  Time since last request: 0.979970 seconds.
  path: Assets/Samples/2D Pixel Perfect/4.0.1/Sample Scenes and Extras/Scenes/Scripts/BasicCameraFollow.cs
  artifactKey: Guid(6992f49c3fd3c4795a3c9f80850a68d4) Importer(815301076,1909f56bfc062723c751e8b465ee728b)
Start importing Assets/Samples/2D Pixel Perfect/4.0.1/Sample Scenes and Extras/Scenes/Scripts/BasicCameraFollow.cs using Guid(6992f49c3fd3c4795a3c9f80850a68d4) Importer(815301076,1909f56bfc062723c751e8b465ee728b)  -> (artifact id: '46b3ee3964e8267340836f23ac2174e7') in 0.006816 seconds 
========================================================================
Received Import Request.
  Time since last request: 0.435754 seconds.
  path: Assets/Samples/2D Pixel Perfect/4.0.1/Sample Scenes and Extras/Scenes/Scripts/CameraManager.cs
  artifactKey: Guid(34e749f8e89764026b0bcd4ced153c5f) Importer(815301076,1909f56bfc062723c751e8b465ee728b)
Start importing Assets/Samples/2D Pixel Perfect/4.0.1/Sample Scenes and Extras/Scenes/Scripts/CameraManager.cs using Guid(34e749f8e89764026b0bcd4ced153c5f) Importer(815301076,1909f56bfc062723c751e8b465ee728b)  -> (artifact id: '64ac0075db03edb880362659f2a7c2d4') in 0.013242 seconds 
========================================================================
Received Import Request.
  Time since last request: 1638.864841 seconds.
  path: Assets/Free 2D Adventure Beach Pack/night-backgrounds
  artifactKey: Guid(ca19bb7b1fce94341805f6e8ff2c92c0) Importer(815301076,1909f56bfc062723c751e8b465ee728b)
Start importing Assets/Free 2D Adventure Beach Pack/night-backgrounds using Guid(ca19bb7b1fce94341805f6e8ff2c92c0) Importer(815301076,1909f56bfc062723c751e8b465ee728b)  -> (artifact id: '2ed00331c0d636859c569a03308a000a') in 0.006456 seconds 
========================================================================
Received Import Request.
  Time since last request: 0.392851 seconds.
  path: Assets/Free 2D Adventure Beach Pack/sunset-backgrounds
  artifactKey: Guid(a56e387bfd9638a4db424e7e138f5c4b) Importer(815301076,1909f56bfc062723c751e8b465ee728b)
Start importing Assets/Free 2D Adventure Beach Pack/sunset-backgrounds using Guid(a56e387bfd9638a4db424e7e138f5c4b) Importer(815301076,1909f56bfc062723c751e8b465ee728b)  -> (artifact id: '3109e703188b90085e323f49ad3ee661') in 0.006588 seconds 
========================================================================
Received Import Request.
  Time since last request: 0.500148 seconds.
  path: Assets/Free 2D Adventure Beach Pack/Example
  artifactKey: Guid(54127df79e3bb5c4ab31721097fc1012) Importer(815301076,1909f56bfc062723c751e8b465ee728b)
Start importing Assets/Free 2D Adventure Beach Pack/Example using Guid(54127df79e3bb5c4ab31721097fc1012) Importer(815301076,1909f56bfc062723c751e8b465ee728b)  -> (artifact id: 'c1bcb61e131722b34ebb6cd7fe66471f') in 0.006403 seconds 
========================================================================
Received Import Request.
  Time since last request: 18.453345 seconds.
  path: Assets/Samples/2D Pixel Perfect/4.0.1/Sample Scenes and Extras/Scenes/Scripts/HeroMover.cs
  artifactKey: Guid(c009ff863a0ae4c33809953147cc9fee) Importer(815301076,1909f56bfc062723c751e8b465ee728b)
Start importing Assets/Samples/2D Pixel Perfect/4.0.1/Sample Scenes and Extras/Scenes/Scripts/HeroMover.cs using Guid(c009ff863a0ae4c33809953147cc9fee) Importer(815301076,1909f56bfc062723c751e8b465ee728b)  -> (artifact id: '92adbb4f5373be131ee0009cd313394b') in 0.009420 seconds 
========================================================================
Received Prepare
Registering precompiled user dll's ...
Registered in 0.006079 seconds.
Begin MonoManager ReloadAssembly
Native extension for WindowsStandalone target not found
Refreshing native plugins compatible for Editor in 1.12 ms, found 3 plugins.
Preloading 0 native plugins for Editor in 0.00 ms.
Mono: successfully reloaded assembly
- Completed reload, in  1.147 seconds
Domain Reload Profiling:
	ReloadAssembly (1147ms)
		BeginReloadAssembly (187ms)
			ExecutionOrderSort (0ms)
			DisableScriptedObjects (8ms)
			BackupInstance (0ms)
			ReleaseScriptingObjects (0ms)
			CreateAndSetChildDomain (53ms)
		EndReloadAssembly (844ms)
			LoadAssemblies (119ms)
			RebuildTransferFunctionScriptingTraits (0ms)
			SetupTypeCache (199ms)
			ReleaseScriptCaches (2ms)
			RebuildScriptCaches (55ms)
			SetupLoadedEditorAssemblies (389ms)
				LogAssemblyErrors (0ms)
				InitializePlatformSupportModulesInManaged (11ms)
				SetLoadedEditorAssemblies (0ms)
				RefreshPlugins (1ms)
				BeforeProcessingInitializeOnLoad (65ms)
				ProcessInitializeOnLoadAttributes (281ms)
				ProcessInitializeOnLoadMethodAttributes (28ms)
				AfterProcessingInitializeOnLoad (3ms)
				EditorAssembliesLoaded (0ms)
			ExecutionOrderSort2 (0ms)
			AwakeInstancesAfterBackupRestoration (12ms)
Platform modules already initialized, skipping
Refreshing native plugins compatible for Editor in 1.16 ms, found 3 plugins.
Preloading 0 native plugins for Editor in 0.00 ms.
Unloading 2415 Unused Serialized files (Serialized files now loaded: 0)
Unloading 36 unused Assets / (25.6 KB). Loaded Objects now: 2917.
Memory consumption went from 127.2 MB to 127.1 MB.
Total: 4.364700 ms (FindLiveObjects: 0.272200 ms CreateObjectMapping: 0.073700 ms MarkObjects: 3.987200 ms  DeleteObjects: 0.030400 ms)

AssetImportParameters requested are different than current active one (requested -> active):
  custom:video-decoder-ogg-theora: a1e56fd34408186e4bbccfd4996cb3dc -> 
  custom:container-muxer-webm: aa71ff27fc2769a1b78a27578f13a17b -> 
  custom:container-demuxer-webm: 4f35f7cbe854078d1ac9338744f61a02 -> 
  custom:video-encoder-webm-vp8: eb34c28f22e8b96e1ab97ce403110664 -> 
  custom:audio-encoder-webm-vorbis: bf7c407c2cedff20999df2af8eb42d56 -> 
  custom:framework-win-MediaFoundation: 216162199b28c13a410421893ffa2e32 -> 
  custom:container-demuxer-ogg: 62fdf1f143b41e24485cea50d1cbac27 -> 
  custom:video-decoder-webm-vp8: 9c59270c3fd7afecdb556c50c9e8de78 -> 
  custom:audio-decoder-ogg-vorbis: bf7c407c2cedff20999df2af8eb42d56 -> 
========================================================================
Received Prepare
Registering precompiled user dll's ...
Registered in 0.005633 seconds.
Begin MonoManager ReloadAssembly
Native extension for WindowsStandalone target not found
Refreshing native plugins compatible for Editor in 1.19 ms, found 3 plugins.
Preloading 0 native plugins for Editor in 0.00 ms.
Mono: successfully reloaded assembly
- Completed reload, in  1.220 seconds
Domain Reload Profiling:
	ReloadAssembly (1221ms)
		BeginReloadAssembly (149ms)
			ExecutionOrderSort (0ms)
			DisableScriptedObjects (7ms)
			BackupInstance (0ms)
			ReleaseScriptingObjects (0ms)
			CreateAndSetChildDomain (37ms)
		EndReloadAssembly (966ms)
			LoadAssemblies (95ms)
			RebuildTransferFunctionScriptingTraits (0ms)
			SetupTypeCache (214ms)
			ReleaseScriptCaches (2ms)
			RebuildScriptCaches (55ms)
			SetupLoadedEditorAssemblies (494ms)
				LogAssemblyErrors (0ms)
				InitializePlatformSupportModulesInManaged (15ms)
				SetLoadedEditorAssemblies (1ms)
				RefreshPlugins (1ms)
				BeforeProcessingInitializeOnLoad (76ms)
				ProcessInitializeOnLoadAttributes (364ms)
				ProcessInitializeOnLoadMethodAttributes (34ms)
				AfterProcessingInitializeOnLoad (3ms)
				EditorAssembliesLoaded (0ms)
			ExecutionOrderSort2 (0ms)
			AwakeInstancesAfterBackupRestoration (13ms)
Platform modules already initialized, skipping
Refreshing native plugins compatible for Editor in 0.91 ms, found 3 plugins.
Preloading 0 native plugins for Editor in 0.00 ms.
Unloading 2414 Unused Serialized files (Serialized files now loaded: 0)
Unloading 36 unused Assets / (24.7 KB). Loaded Objects now: 2919.
Memory consumption went from 127.1 MB to 127.1 MB.
Total: 4.056800 ms (FindLiveObjects: 0.441300 ms CreateObjectMapping: 0.082700 ms MarkObjects: 3.501000 ms  DeleteObjects: 0.030300 ms)

AssetImportParameters requested are different than current active one (requested -> active):
  custom:video-decoder-ogg-theora: a1e56fd34408186e4bbccfd4996cb3dc -> 
  custom:container-muxer-webm: aa71ff27fc2769a1b78a27578f13a17b -> 
  custom:container-demuxer-webm: 4f35f7cbe854078d1ac9338744f61a02 -> 
  custom:video-encoder-webm-vp8: eb34c28f22e8b96e1ab97ce403110664 -> 
  custom:audio-encoder-webm-vorbis: bf7c407c2cedff20999df2af8eb42d56 -> 
  custom:framework-win-MediaFoundation: 216162199b28c13a410421893ffa2e32 -> 
  custom:container-demuxer-ogg: 62fdf1f143b41e24485cea50d1cbac27 -> 
  custom:video-decoder-webm-vp8: 9c59270c3fd7afecdb556c50c9e8de78 -> 
  custom:audio-decoder-ogg-vorbis: bf7c407c2cedff20999df2af8eb42d56 -> 
